{"/Users/snehanarendran/Projects/learning/ddd/cinema-booking-system/CinemaBookingService/cinemaBooking/frontend/src/api/base.ts": {"path":"/Users/snehanarendran/Projects/learning/ddd/cinema-booking-system/CinemaBookingService/cinemaBooking/frontend/src/api/base.ts","statementMap":{"0":{"start":{"line":1,"column":16},"end":{"line":1,"column":39}},"1":{"start":{"line":2,"column":0},"end":{"line":2,"column":23}}},"fnMap":{},"branchMap":{},"s":{"0":5,"1":5},"f":{},"b":{}}
,"/Users/snehanarendran/Projects/learning/ddd/cinema-booking-system/CinemaBookingService/cinemaBooking/frontend/src/components/Films/Films.tsx": {"path":"/Users/snehanarendran/Projects/learning/ddd/cinema-booking-system/CinemaBookingService/cinemaBooking/frontend/src/components/Films/Films.tsx","statementMap":{"0":{"start":{"line":1,"column":0},"end":{"line":1,"column":41}},"1":{"start":{"line":2,"column":0},"end":{"line":2,"column":29}},"2":{"start":{"line":4,"column":0},"end":{"line":4,"column":50}},"3":{"start":{"line":5,"column":0},"end":{"line":5,"column":42}},"4":{"start":{"line":8,"column":14},"end":{"line":50,"column":1}},"5":{"start":{"line":9,"column":34},"end":{"line":9,"column":54}},"6":{"start":{"line":10,"column":30},"end":{"line":10,"column":51}},"7":{"start":{"line":11,"column":28},"end":{"line":11,"column":62}},"8":{"start":{"line":13,"column":2},"end":{"line":23,"column":9}},"9":{"start":{"line":14,"column":25},"end":{"line":14,"column":51}},"10":{"start":{"line":15,"column":4},"end":{"line":22,"column":9}},"11":{"start":{"line":17,"column":8},"end":{"line":17,"column":27}},"12":{"start":{"line":18,"column":8},"end":{"line":18,"column":26}},"13":{"start":{"line":21,"column":8},"end":{"line":21,"column":23}},"14":{"start":{"line":25,"column":2},"end":{"line":49,"column":4}},"15":{"start":{"line":52,"column":0},"end":{"line":52,"column":21}}},"fnMap":{"0":{"name":"(anonymous_7)","decl":{"start":{"line":8,"column":14},"end":{"line":8,"column":15}},"loc":{"start":{"line":8,"column":62},"end":{"line":50,"column":1}}},"1":{"name":"(anonymous_8)","decl":{"start":{"line":13,"column":12},"end":{"line":13,"column":15}},"loc":{"start":{"line":13,"column":17},"end":{"line":23,"column":3}}},"2":{"name":"(anonymous_9)","decl":{"start":{"line":16,"column":12},"end":{"line":16,"column":13}},"loc":{"start":{"line":16,"column":25},"end":{"line":19,"column":7}}},"3":{"name":"(anonymous_10)","decl":{"start":{"line":20,"column":13},"end":{"line":20,"column":14}},"loc":{"start":{"line":20,"column":35},"end":{"line":22,"column":7}}}},"branchMap":{"0":{"loc":{"start":{"line":27,"column":7},"end":{"line":27,"column":14}},"type":"binary-expr","locations":[{"start":{"line":27,"column":7},"end":{"line":27,"column":14}},{"start":{"line":27,"column":19},"end":{"line":27,"column":80}}]},"1":{"loc":{"start":{"line":28,"column":7},"end":{"line":28,"column":16}},"type":"binary-expr","locations":[{"start":{"line":28,"column":7},"end":{"line":28,"column":16}},{"start":{"line":29,"column":8},"end":{"line":33,"column":null}}]},"2":{"loc":{"start":{"line":37,"column":8},"end":{"line":37,"column":37}},"type":"cond-expr","locations":[{"start":{"line":37,"column":8},"end":{"line":37,"column":37}},{"start":{"line":39,"column":8},"end":{"line":45,"column":null}}]}},"s":{"0":1,"1":1,"2":1,"3":1,"4":1,"5":8,"6":8,"7":8,"8":8,"9":3,"10":3,"11":2,"12":2,"13":1,"14":8,"15":1},"f":{"0":8,"1":3,"2":2,"3":1},"b":{"0":[8,1],"1":[8,6],"2":[6,2]}}
,"/Users/snehanarendran/Projects/learning/ddd/cinema-booking-system/CinemaBookingService/cinemaBooking/frontend/src/components/Films/services/FilmService.ts": {"path":"/Users/snehanarendran/Projects/learning/ddd/cinema-booking-system/CinemaBookingService/cinemaBooking/frontend/src/components/Films/services/FilmService.ts","statementMap":{"0":{"start":{"line":1,"column":0},"end":{"line":1,"column":26}},"1":{"start":{"line":2,"column":0},"end":{"line":2,"column":40}},"2":{"start":{"line":6,"column":19},"end":{"line":7,"column":null}},"3":{"start":{"line":9,"column":2},"end":{"line":9,"column":23}},"4":{"start":{"line":5,"column":0},"end":{"line":5,"column":30}}},"fnMap":{"0":{"name":"getFilmsById","decl":{"start":{"line":5,"column":30},"end":{"line":5,"column":42}},"loc":{"start":{"line":5,"column":57},"end":{"line":10,"column":null}}}},"branchMap":{},"s":{"0":2,"1":2,"2":4,"3":3,"4":2},"f":{"0":4},"b":{}}
,"/Users/snehanarendran/Projects/learning/ddd/cinema-booking-system/CinemaBookingService/cinemaBooking/frontend/src/components/Location/services/LocationService.ts": {"path":"/Users/snehanarendran/Projects/learning/ddd/cinema-booking-system/CinemaBookingService/cinemaBooking/frontend/src/components/Location/services/LocationService.ts","statementMap":{"0":{"start":{"line":1,"column":0},"end":{"line":1,"column":26}},"1":{"start":{"line":2,"column":0},"end":{"line":2,"column":40}},"2":{"start":{"line":6,"column":19},"end":{"line":6,"column":81}},"3":{"start":{"line":7,"column":2},"end":{"line":7,"column":23}},"4":{"start":{"line":5,"column":0},"end":{"line":5,"column":30}}},"fnMap":{"0":{"name":"getAllLocations","decl":{"start":{"line":5,"column":30},"end":{"line":5,"column":45}},"loc":{"start":{"line":5,"column":45},"end":{"line":8,"column":null}}}},"branchMap":{},"s":{"0":2,"1":2,"2":3,"3":3,"4":2},"f":{"0":3},"b":{}}
,"/Users/snehanarendran/Projects/learning/ddd/cinema-booking-system/CinemaBookingService/cinemaBooking/frontend/src/components/Shows/Shows.tsx": {"path":"/Users/snehanarendran/Projects/learning/ddd/cinema-booking-system/CinemaBookingService/cinemaBooking/frontend/src/components/Shows/Shows.tsx","statementMap":{"0":{"start":{"line":1,"column":0},"end":{"line":1,"column":41}},"1":{"start":{"line":2,"column":0},"end":{"line":2,"column":29}},"2":{"start":{"line":3,"column":0},"end":{"line":3,"column":60}},"3":{"start":{"line":4,"column":0},"end":{"line":4,"column":56}},"4":{"start":{"line":5,"column":0},"end":{"line":5,"column":46}},"5":{"start":{"line":6,"column":0},"end":{"line":6,"column":54}},"6":{"start":{"line":7,"column":0},"end":{"line":7,"column":50}},"7":{"start":{"line":9,"column":0},"end":{"line":9,"column":67}},"8":{"start":{"line":10,"column":0},"end":{"line":10,"column":57}},"9":{"start":{"line":14,"column":0},"end":{"line":14,"column":38}},"10":{"start":{"line":17,"column":24},"end":{"line":142,"column":1}},"11":{"start":{"line":18,"column":40},"end":{"line":18,"column":73}},"12":{"start":{"line":19,"column":36},"end":{"line":19,"column":74}},"13":{"start":{"line":21,"column":4},"end":{"line":21,"column":38}},"14":{"start":{"line":22,"column":34},"end":{"line":22,"column":54}},"15":{"start":{"line":24,"column":26},"end":{"line":31,"column":4}},"16":{"start":{"line":24,"column":51},"end":{"line":31,"column":4}},"17":{"start":{"line":25,"column":36},"end":{"line":25,"column":38}},"18":{"start":{"line":26,"column":4},"end":{"line":30,"column":null}},"19":{"start":{"line":27,"column":6},"end":{"line":27,"column":76}},"20":{"start":{"line":27,"column":69},"end":{"line":27,"column":74}},"21":{"start":{"line":29,"column":6},"end":{"line":29,"column":32}},"22":{"start":{"line":38,"column":23},"end":{"line":50,"column":4}},"23":{"start":{"line":38,"column":44},"end":{"line":50,"column":4}},"24":{"start":{"line":39,"column":4},"end":{"line":39,"column":64}},"25":{"start":{"line":40,"column":4},"end":{"line":49,"column":7}},"26":{"start":{"line":40,"column":77},"end":{"line":49,"column":6}},"27":{"start":{"line":41,"column":6},"end":{"line":48,"column":null}},"28":{"start":{"line":42,"column":23},"end":{"line":44,"column":10}},"29":{"start":{"line":43,"column":10},"end":{"line":43,"column":24}},"30":{"start":{"line":45,"column":8},"end":{"line":45,"column":31}},"31":{"start":{"line":47,"column":8},"end":{"line":47,"column":27}},"32":{"start":{"line":52,"column":31},"end":{"line":78,"column":4}},"33":{"start":{"line":54,"column":30},"end":{"line":78,"column":4}},"34":{"start":{"line":55,"column":41},"end":{"line":55,"column":43}},"35":{"start":{"line":57,"column":4},"end":{"line":75,"column":7}},"36":{"start":{"line":58,"column":6},"end":{"line":74,"column":9}},"37":{"start":{"line":58,"column":50},"end":{"line":74,"column":8}},"38":{"start":{"line":59,"column":8},"end":{"line":73,"column":null}},"39":{"start":{"line":60,"column":33},"end":{"line":65,"column":12}},"40":{"start":{"line":64,"column":62},"end":{"line":64,"column":67}},"41":{"start":{"line":67,"column":10},"end":{"line":67,"column":31}},"42":{"start":{"line":69,"column":10},"end":{"line":69,"column":36}},"43":{"start":{"line":70,"column":10},"end":{"line":72,"column":null}},"44":{"start":{"line":71,"column":12},"end":{"line":71,"column":22}},"45":{"start":{"line":77,"column":4},"end":{"line":77,"column":27}},"46":{"start":{"line":80,"column":2},"end":{"line":86,"column":9}},"47":{"start":{"line":81,"column":30},"end":{"line":81,"column":47}},"48":{"start":{"line":82,"column":4},"end":{"line":85,"column":7}},"49":{"start":{"line":83,"column":6},"end":{"line":83,"column":29}},"50":{"start":{"line":84,"column":6},"end":{"line":84,"column":24}},"51":{"start":{"line":88,"column":2},"end":{"line":141,"column":4}},"52":{"start":{"line":101,"column":14},"end":{"line":108,"column":null}},"53":{"start":{"line":121,"column":16},"end":{"line":134,"column":18}},"54":{"start":{"line":144,"column":0},"end":{"line":144,"column":21}}},"fnMap":{"0":{"name":"(anonymous_14)","decl":{"start":{"line":17,"column":24},"end":{"line":17,"column":25}},"loc":{"start":{"line":17,"column":34},"end":{"line":142,"column":1}}},"1":{"name":"(anonymous_15)","decl":{"start":{"line":24,"column":26},"end":{"line":24,"column":33}},"loc":{"start":{"line":24,"column":51},"end":{"line":31,"column":4}}},"2":{"name":"(anonymous_16)","decl":{"start":{"line":24,"column":51},"end":{"line":24,"column":null}},"loc":{"start":{"line":24,"column":51},"end":{"line":31,"column":3}}},"3":{"name":"(anonymous_17)","decl":{"start":{"line":27,"column":58},"end":{"line":27,"column":59}},"loc":{"start":{"line":27,"column":69},"end":{"line":27,"column":74}}},"4":{"name":"(anonymous_18)","decl":{"start":{"line":38,"column":23},"end":{"line":38,"column":30}},"loc":{"start":{"line":38,"column":44},"end":{"line":50,"column":4}}},"5":{"name":"(anonymous_19)","decl":{"start":{"line":38,"column":44},"end":{"line":38,"column":null}},"loc":{"start":{"line":38,"column":44},"end":{"line":50,"column":3}}},"6":{"name":"(anonymous_20)","decl":{"start":{"line":40,"column":58},"end":{"line":40,"column":65}},"loc":{"start":{"line":40,"column":77},"end":{"line":49,"column":6}}},"7":{"name":"(anonymous_21)","decl":{"start":{"line":40,"column":77},"end":{"line":40,"column":null}},"loc":{"start":{"line":40,"column":77},"end":{"line":49,"column":5}}},"8":{"name":"(anonymous_22)","decl":{"start":{"line":42,"column":65},"end":{"line":42,"column":66}},"loc":{"start":{"line":42,"column":76},"end":{"line":44,"column":9}}},"9":{"name":"(anonymous_23)","decl":{"start":{"line":52,"column":31},"end":{"line":52,"column":null}},"loc":{"start":{"line":54,"column":30},"end":{"line":78,"column":4}}},"10":{"name":"(anonymous_24)","decl":{"start":{"line":54,"column":30},"end":{"line":54,"column":null}},"loc":{"start":{"line":54,"column":30},"end":{"line":78,"column":3}}},"11":{"name":"(anonymous_25)","decl":{"start":{"line":57,"column":28},"end":{"line":57,"column":29}},"loc":{"start":{"line":57,"column":40},"end":{"line":75,"column":5}}},"12":{"name":"(anonymous_26)","decl":{"start":{"line":58,"column":35},"end":{"line":58,"column":42}},"loc":{"start":{"line":58,"column":50},"end":{"line":74,"column":8}}},"13":{"name":"(anonymous_27)","decl":{"start":{"line":58,"column":50},"end":{"line":58,"column":null}},"loc":{"start":{"line":58,"column":50},"end":{"line":74,"column":7}}},"14":{"name":"(anonymous_28)","decl":{"start":{"line":64,"column":51},"end":{"line":64,"column":52}},"loc":{"start":{"line":64,"column":62},"end":{"line":64,"column":67}}},"15":{"name":"(anonymous_29)","decl":{"start":{"line":80,"column":12},"end":{"line":80,"column":15}},"loc":{"start":{"line":80,"column":17},"end":{"line":86,"column":3}}},"16":{"name":"(anonymous_30)","decl":{"start":{"line":82,"column":27},"end":{"line":82,"column":28}},"loc":{"start":{"line":82,"column":40},"end":{"line":85,"column":5}}},"17":{"name":"(anonymous_31)","decl":{"start":{"line":100,"column":27},"end":{"line":100,"column":28}},"loc":{"start":{"line":101,"column":14},"end":{"line":108,"column":null}}},"18":{"name":"(anonymous_32)","decl":{"start":{"line":120,"column":30},"end":{"line":120,"column":31}},"loc":{"start":{"line":120,"column":39},"end":{"line":135,"column":15}}}},"branchMap":{"0":{"loc":{"start":{"line":41,"column":6},"end":{"line":48,"column":null}},"type":"if","locations":[{"start":{"line":41,"column":6},"end":{"line":48,"column":null}},{"start":{"line":41,"column":6},"end":{"line":48,"column":null}}]},"1":{"loc":{"start":{"line":58,"column":25},"end":{"line":58,"column":27}},"type":"cond-expr","locations":[{"start":{"line":58,"column":25},"end":{"line":58,"column":27}},{"start":{"line":58,"column":6},"end":{"line":74,"column":8}}]},"2":{"loc":{"start":{"line":58,"column":6},"end":{"line":58,"column":27}},"type":"binary-expr","locations":[{"start":{"line":58,"column":6},"end":{"line":58,"column":27}},{"start":{"line":58,"column":6},"end":{"line":58,"column":27}}]},"3":{"loc":{"start":{"line":64,"column":69},"end":{"line":64,"column":73}},"type":"cond-expr","locations":[{"start":{"line":64,"column":69},"end":{"line":64,"column":73}},{"start":{"line":64,"column":73},"end":{"line":64,"column":75}}]},"4":{"loc":{"start":{"line":64,"column":14},"end":{"line":64,"column":73}},"type":"binary-expr","locations":[{"start":{"line":64,"column":14},"end":{"line":64,"column":73}},{"start":{"line":64,"column":69},"end":{"line":64,"column":73}}]},"5":{"loc":{"start":{"line":70,"column":10},"end":{"line":72,"column":null}},"type":"if","locations":[{"start":{"line":70,"column":10},"end":{"line":72,"column":null}},{"start":{"line":70,"column":10},"end":{"line":72,"column":null}}]},"6":{"loc":{"start":{"line":97,"column":19},"end":{"line":97,"column":35}},"type":"cond-expr","locations":[{"start":{"line":97,"column":19},"end":{"line":97,"column":35}},{"start":{"line":97,"column":39},"end":{"line":97,"column":41}}]},"7":{"loc":{"start":{"line":97,"column":19},"end":{"line":97,"column":39}},"type":"binary-expr","locations":[{"start":{"line":97,"column":19},"end":{"line":97,"column":39}},{"start":{"line":97,"column":19},"end":{"line":97,"column":39}}]},"8":{"loc":{"start":{"line":118,"column":14},"end":{"line":118,"column":51}},"type":"cond-expr","locations":[{"start":{"line":118,"column":14},"end":{"line":118,"column":51}},{"start":{"line":120,"column":14},"end":{"line":135,"column":16}}]},"9":{"loc":{"start":{"line":117,"column":13},"end":{"line":117,"column":29}},"type":"binary-expr","locations":[{"start":{"line":117,"column":13},"end":{"line":117,"column":29}},{"start":{"line":117,"column":33},"end":{"line":117,"column":57}}]}},"s":{"0":1,"1":1,"2":1,"3":1,"4":1,"5":1,"6":1,"7":1,"8":1,"9":1,"10":1,"11":10,"12":10,"13":10,"14":10,"15":10,"16":3,"17":3,"18":3,"19":3,"20":0,"21":3,"22":10,"23":2,"24":2,"25":2,"26":2,"27":2,"28":1,"29":1,"30":1,"31":1,"32":10,"33":1,"34":1,"35":1,"36":1,"37":3,"38":3,"39":3,"40":3,"41":0,"42":3,"43":3,"44":1,"45":1,"46":10,"47":2,"48":2,"49":2,"50":2,"51":10,"52":24,"53":3,"54":1},"f":{"0":10,"1":3,"2":3,"3":0,"4":2,"5":2,"6":2,"7":2,"8":1,"9":1,"10":1,"11":1,"12":3,"13":3,"14":3,"15":2,"16":2,"17":24,"18":3},"b":{"0":[1,1],"1":[0,1],"2":[1,1],"3":[3,0],"4":[3,3],"5":[1,2],"6":[4,6],"7":[10,10],"8":[3,7],"9":[10,4]}}
,"/Users/snehanarendran/Projects/learning/ddd/cinema-booking-system/CinemaBookingService/cinemaBooking/frontend/src/components/Shows/services/ShowService.ts": {"path":"/Users/snehanarendran/Projects/learning/ddd/cinema-booking-system/CinemaBookingService/cinemaBooking/frontend/src/components/Shows/services/ShowService.ts","statementMap":{"0":{"start":{"line":1,"column":0},"end":{"line":1,"column":26}},"1":{"start":{"line":2,"column":0},"end":{"line":2,"column":40}},"2":{"start":{"line":6,"column":19},"end":{"line":6,"column":113}},"3":{"start":{"line":7,"column":2},"end":{"line":7,"column":23}},"4":{"start":{"line":5,"column":0},"end":{"line":5,"column":30}}},"fnMap":{"0":{"name":"getShowsForLocation","decl":{"start":{"line":5,"column":30},"end":{"line":5,"column":49}},"loc":{"start":{"line":5,"column":66},"end":{"line":8,"column":null}}}},"branchMap":{},"s":{"0":2,"1":2,"2":3,"3":3,"4":2},"f":{"0":3},"b":{}}
}
