TN:
SF:src/api/base.ts
FNF:0
FNH:0
DA:1,5
DA:2,5
LF:2
LH:2
BRF:0
BRH:0
end_of_record
TN:
SF:src/components/Films/Films.tsx
FN:8,(anonymous_7)
FN:13,(anonymous_8)
FN:16,(anonymous_9)
FN:20,(anonymous_10)
FNF:4
FNH:4
FNDA:8,(anonymous_7)
FNDA:3,(anonymous_8)
FNDA:2,(anonymous_9)
FNDA:1,(anonymous_10)
DA:1,1
DA:2,1
DA:4,1
DA:5,1
DA:8,1
DA:9,8
DA:10,8
DA:11,8
DA:13,8
DA:14,3
DA:15,3
DA:17,2
DA:18,2
DA:21,1
DA:25,8
DA:52,1
LF:16
LH:16
BRDA:27,0,0,8
BRDA:27,0,1,1
BRDA:28,1,0,8
BRDA:28,1,1,6
BRDA:37,2,0,6
BRDA:37,2,1,2
BRF:6
BRH:6
end_of_record
TN:
SF:src/components/Films/services/FilmService.ts
FN:5,getFilmsById
FNF:1
FNH:1
FNDA:4,getFilmsById
DA:1,2
DA:2,2
DA:5,2
DA:6,4
DA:9,3
LF:5
LH:5
BRF:0
BRH:0
end_of_record
TN:
SF:src/components/Location/services/LocationService.ts
FN:5,getAllLocations
FNF:1
FNH:1
FNDA:3,getAllLocations
DA:1,2
DA:2,2
DA:5,2
DA:6,3
DA:7,3
LF:5
LH:5
BRF:0
BRH:0
end_of_record
TN:
SF:src/components/Shows/Shows.tsx
FN:17,(anonymous_14)
FN:24,(anonymous_15)
FN:24,(anonymous_16)
FN:27,(anonymous_17)
FN:38,(anonymous_18)
FN:38,(anonymous_19)
FN:40,(anonymous_20)
FN:40,(anonymous_21)
FN:42,(anonymous_22)
FN:52,(anonymous_23)
FN:54,(anonymous_24)
FN:57,(anonymous_25)
FN:58,(anonymous_26)
FN:58,(anonymous_27)
FN:64,(anonymous_28)
FN:80,(anonymous_29)
FN:82,(anonymous_30)
FN:100,(anonymous_31)
FN:120,(anonymous_32)
FNF:19
FNH:18
FNDA:10,(anonymous_14)
FNDA:3,(anonymous_15)
FNDA:3,(anonymous_16)
FNDA:0,(anonymous_17)
FNDA:2,(anonymous_18)
FNDA:2,(anonymous_19)
FNDA:2,(anonymous_20)
FNDA:2,(anonymous_21)
FNDA:1,(anonymous_22)
FNDA:1,(anonymous_23)
FNDA:1,(anonymous_24)
FNDA:1,(anonymous_25)
FNDA:3,(anonymous_26)
FNDA:3,(anonymous_27)
FNDA:3,(anonymous_28)
FNDA:2,(anonymous_29)
FNDA:2,(anonymous_30)
FNDA:24,(anonymous_31)
FNDA:3,(anonymous_32)
DA:1,1
DA:2,1
DA:3,1
DA:4,1
DA:5,1
DA:6,1
DA:7,1
DA:9,1
DA:10,1
DA:14,1
DA:17,1
DA:18,10
DA:19,10
DA:21,10
DA:22,10
DA:24,10
DA:25,3
DA:26,3
DA:27,3
DA:29,3
DA:38,10
DA:39,2
DA:40,2
DA:41,2
DA:42,1
DA:43,1
DA:45,1
DA:47,1
DA:52,10
DA:54,1
DA:55,1
DA:57,1
DA:58,3
DA:59,3
DA:60,3
DA:64,3
DA:67,0
DA:69,3
DA:70,3
DA:71,1
DA:77,1
DA:80,10
DA:81,2
DA:82,2
DA:83,2
DA:84,2
DA:88,10
DA:101,24
DA:121,3
DA:144,1
LF:50
LH:49
BRDA:41,0,0,1
BRDA:41,0,1,1
BRDA:58,1,0,0
BRDA:58,1,1,1
BRDA:58,2,0,1
BRDA:58,2,1,1
BRDA:64,3,0,3
BRDA:64,3,1,0
BRDA:64,4,0,3
BRDA:64,4,1,3
BRDA:70,5,0,1
BRDA:70,5,1,2
BRDA:97,6,0,4
BRDA:97,6,1,6
BRDA:97,7,0,10
BRDA:97,7,1,10
BRDA:118,8,0,3
BRDA:118,8,1,7
BRDA:117,9,0,10
BRDA:117,9,1,4
BRF:20
BRH:18
end_of_record
TN:
SF:src/components/Shows/services/ShowService.ts
FN:5,getShowsForLocation
FNF:1
FNH:1
FNDA:3,getShowsForLocation
DA:1,2
DA:2,2
DA:5,2
DA:6,3
DA:7,3
LF:5
LH:5
BRF:0
BRH:0
end_of_record
